2023-1월-30 14:01:00 INFO  [http-nio-8081-exec-1] [org.apache.juli.logging.DirectJDKLog] - Initializing Spring DispatcherServlet 'dispatcherServlet'
2023-1월-30 14:01:00 INFO  [http-nio-8081-exec-1] [org.springframework.web.servlet.FrameworkServlet] - Initializing Servlet 'dispatcherServlet'
2023-1월-30 14:01:00 DEBUG [http-nio-8081-exec-1] [org.springframework.web.servlet.DispatcherServlet] - Detected StandardServletMultipartResolver
2023-1월-30 14:01:00 DEBUG [http-nio-8081-exec-1] [org.springframework.web.servlet.DispatcherServlet] - Detected AcceptHeaderLocaleResolver
2023-1월-30 14:01:00 DEBUG [http-nio-8081-exec-1] [org.springframework.web.servlet.DispatcherServlet] - Detected FixedThemeResolver
2023-1월-30 14:01:00 DEBUG [http-nio-8081-exec-1] [org.springframework.web.servlet.DispatcherServlet] - Detected org.springframework.web.servlet.view.DefaultRequestToViewNameTranslator@2579debd
2023-1월-30 14:01:00 DEBUG [http-nio-8081-exec-1] [org.springframework.web.servlet.DispatcherServlet] - Detected org.springframework.web.servlet.support.SessionFlashMapManager@30a277aa
2023-1월-30 14:01:00 DEBUG [http-nio-8081-exec-1] [org.springframework.web.servlet.FrameworkServlet] - enableLoggingRequestDetails='false': request parameters and headers will be masked to prevent unsafe logging of potentially sensitive data
2023-1월-30 14:01:00 INFO  [http-nio-8081-exec-1] [org.springframework.web.servlet.FrameworkServlet] - Completed initialization in 12 ms
2023-1월-30 14:01:00 DEBUG [http-nio-8081-exec-1] [org.springframework.core.log.LogFormatUtils] - GET "/swagger-ui/swagger-ui/index.html", parameters={}
2023-1월-30 14:01:00 DEBUG [http-nio-8081-exec-1] [org.springframework.web.servlet.handler.AbstractHandlerMapping] - Mapped to ResourceHttpRequestHandler [classpath [META-INF/resources/webjars/]]
2023-1월-30 14:01:00 DEBUG [http-nio-8081-exec-1] [org.springframework.web.servlet.FrameworkServlet] - Completed 304 NOT_MODIFIED
2023-1월-30 14:01:00 DEBUG [http-nio-8081-exec-2] [org.springframework.core.log.LogFormatUtils] - GET "/api-docs/swagger-config", parameters={}
2023-1월-30 14:01:00 DEBUG [http-nio-8081-exec-2] [org.springframework.web.servlet.handler.AbstractHandlerMapping] - Mapped to org.springdoc.webmvc.ui.SwaggerConfigResource#openapiJson(HttpServletRequest)
2023-1월-30 14:01:00 DEBUG [http-nio-8081-exec-2] [org.springframework.web.servlet.mvc.method.annotation.AbstractMessageConverterMethodProcessor] - Using 'application/json', given [*/*] and supported [application/json]
2023-1월-30 14:01:00 DEBUG [http-nio-8081-exec-2] [org.springframework.core.log.LogFormatUtils] - Writing [{configUrl=/api-docs/swagger-config, displayRequestDuration=true, oauth2RedirectUrl=http://localhost (truncated)...]
2023-1월-30 14:01:00 DEBUG [http-nio-8081-exec-2] [org.springframework.web.servlet.FrameworkServlet] - Completed 200 OK
2023-1월-30 14:01:00 DEBUG [http-nio-8081-exec-3] [org.springframework.core.log.LogFormatUtils] - GET "/api-docs/wedding101%20API%20v1", parameters={}
2023-1월-30 14:01:00 DEBUG [http-nio-8081-exec-3] [org.springframework.web.servlet.handler.AbstractHandlerMapping] - Mapped to org.springdoc.webmvc.api.MultipleOpenApiWebMvcResource#openapiJson(HttpServletRequest, String, String, Locale)
2023-1월-30 14:01:00 INFO  [http-nio-8081-exec-3] [org.springdoc.api.AbstractOpenApiResource] - Init duration for springdoc-openapi is: 136 ms
2023-1월-30 14:01:00 DEBUG [http-nio-8081-exec-3] [org.springframework.web.servlet.mvc.method.annotation.AbstractMessageConverterMethodProcessor] - Using 'application/json', given [application/json, */*] and supported [application/json]
2023-1월-30 14:01:00 DEBUG [http-nio-8081-exec-3] [org.springframework.core.log.LogFormatUtils] - Writing ["{"openapi":"3.0.1","info":{"title":"wedding101 API 명세서","description":"wedding101 API 명세서입니다","versi (truncated)..."]
2023-1월-30 14:01:00 DEBUG [http-nio-8081-exec-3] [org.springframework.web.servlet.FrameworkServlet] - Completed 200 OK
2023-1월-30 14:01:03 DEBUG [http-nio-8081-exec-4] [org.springframework.core.log.LogFormatUtils] - GET "/log", parameters={}
2023-1월-30 14:01:03 DEBUG [http-nio-8081-exec-4] [org.springframework.web.servlet.handler.AbstractHandlerMapping] - Mapped to com.ssafy.wedding101.controller.TestController#log()
2023-1월-30 14:01:03 FATAL [http-nio-8081-exec-4] [com.ssafy.wedding101.controller.TestController] - fatal log
2023-1월-30 14:01:03 ERROR [http-nio-8081-exec-4] [com.ssafy.wedding101.controller.TestController] - error
2023-1월-30 14:01:03 WARN  [http-nio-8081-exec-4] [com.ssafy.wedding101.controller.TestController] - warn
2023-1월-30 14:01:03 INFO  [http-nio-8081-exec-4] [com.ssafy.wedding101.controller.TestController] - info
2023-1월-30 14:01:03 DEBUG [http-nio-8081-exec-4] [org.springframework.web.servlet.mvc.method.annotation.AbstractMessageConverterMethodProcessor] - Using 'application/json', given [*/*] and supported [application/json, application/*+json, application/json, application/*+json]
2023-1월-30 14:01:03 DEBUG [http-nio-8081-exec-4] [org.springframework.web.servlet.mvc.method.annotation.AbstractMessageConverterMethodProcessor] - Nothing to write: null body
2023-1월-30 14:01:03 DEBUG [http-nio-8081-exec-4] [org.springframework.web.servlet.FrameworkServlet] - Completed 200 OK
