2023-1월-30 13:54:58  INFO [restartedMain] [com.ssafy.wedding101.Wedding101Application] - Starting Wedding101Application using Java 11.0.18 on DESKTOP-DOGVPUB with PID 4280 (C:\Users\SSAFY\Desktop\공통 pjt\S08P12A101\BE\wedding101\build\classes\java\main started by SSAFY in C:\Users\SSAFY\Desktop\공통 pjt\S08P12A101\BE\wedding101)
2023-1월-30 13:54:58  INFO [restartedMain] [com.ssafy.wedding101.Wedding101Application] - The following 1 profile is active: "db"
2023-1월-30 13:54:58 DEBUG [restartedMain] [org.springframework.boot.SpringApplication] - Loading source class com.ssafy.wedding101.Wedding101Application
2023-1월-30 13:54:58 DEBUG [restartedMain] [org.springframework.boot.devtools.restart.ChangeableUrls] - Matching URLs for reloading : [file:/C:/Users/SSAFY/Desktop/공통%20pjt/S08P12A101/BE/wedding101/build/classes/java/main/, file:/C:/Users/SSAFY/Desktop/공통%20pjt/S08P12A101/BE/wedding101/build/resources/main/]
2023-1월-30 13:54:58 DEBUG [restartedMain] [org.springframework.boot.devtools.settings.DevToolsSettings] - Included patterns for restart : []
2023-1월-30 13:54:58 DEBUG [restartedMain] [org.springframework.boot.devtools.settings.DevToolsSettings] - Excluded patterns for restart : [/spring-boot-starter-[\w-]+/, /spring-boot/(bin|build|out)/, /spring-boot-starter/(bin|build|out)/, /spring-boot-devtools/(bin|build|out)/, /spring-boot-actuator/(bin|build|out)/, /spring-boot-autoconfigure/(bin|build|out)/]
2023-1월-30 13:54:58  INFO [restartedMain] [org.springframework.boot.devtools.env.DevToolsPropertyDefaultsPostProcessor] - Devtools property defaults active! Set 'spring.devtools.add-properties' to 'false' to disable
2023-1월-30 13:54:58  INFO [restartedMain] [org.springframework.boot.devtools.env.DevToolsPropertyDefaultsPostProcessor] - For additional web related logging consider setting the 'logging.level.web' property to 'DEBUG'
2023-1월-30 13:54:58 DEBUG [restartedMain] [org.springframework.boot.web.servlet.context.AnnotationConfigServletWebServerApplicationContext] - Refreshing org.springframework.boot.web.servlet.context.AnnotationConfigServletWebServerApplicationContext@1d129596
2023-1월-30 13:54:59  INFO [restartedMain] [org.springframework.data.repository.config.RepositoryConfigurationDelegate] - Bootstrapping Spring Data JPA repositories in DEFAULT mode.
2023-1월-30 13:54:59 DEBUG [restartedMain] [org.springframework.boot.autoconfigure.AutoConfigurationPackages] - @EnableAutoConfiguration was declared on a class in the package 'com.ssafy.wedding101'. Automatic @Repository and @Entity scanning is enabled.
2023-1월-30 13:54:59  INFO [restartedMain] [org.springframework.data.repository.config.RepositoryConfigurationDelegate] - Finished Spring Data repository scanning in 34 ms. Found 2 JPA repository interfaces.
2023-1월-30 13:54:59 DEBUG [restartedMain] [org.springframework.boot.web.embedded.tomcat.TomcatServletWebServerFactory] - Code archive: C:\Users\SSAFY\.gradle\caches\modules-2\files-2.1\org.springframework.boot\spring-boot\2.7.8\8db5af0f1171bb402c27a85fe97d741bddaa6fee\spring-boot-2.7.8.jar
2023-1월-30 13:54:59 DEBUG [restartedMain] [org.springframework.boot.web.embedded.tomcat.TomcatServletWebServerFactory] - Code archive: C:\Users\SSAFY\.gradle\caches\modules-2\files-2.1\org.springframework.boot\spring-boot\2.7.8\8db5af0f1171bb402c27a85fe97d741bddaa6fee\spring-boot-2.7.8.jar
2023-1월-30 13:54:59 DEBUG [restartedMain] [org.springframework.boot.web.embedded.tomcat.TomcatServletWebServerFactory] - None of the document roots [src/main/webapp, public, static] point to a directory and will be ignored.
2023-1월-30 13:54:59  INFO [restartedMain] [org.springframework.boot.web.embedded.tomcat.TomcatWebServer] - Tomcat initialized with port(s): 8081 (http)
2023-1월-30 13:54:59  INFO [restartedMain] [org.apache.coyote.http11.Http11NioProtocol] - Initializing ProtocolHandler ["http-nio-8081"]
2023-1월-30 13:54:59  INFO [restartedMain] [org.apache.catalina.core.StandardService] - Starting service [Tomcat]
2023-1월-30 13:54:59  INFO [restartedMain] [org.apache.catalina.core.StandardEngine] - Starting Servlet engine: [Apache Tomcat/9.0.71]
2023-1월-30 13:54:59  INFO [restartedMain] [org.apache.catalina.core.ContainerBase.[Tomcat].[localhost].[/]] - Initializing Spring embedded WebApplicationContext
2023-1월-30 13:54:59 DEBUG [restartedMain] [org.springframework.boot.web.servlet.context.ServletWebServerApplicationContext] - Published root WebApplicationContext as ServletContext attribute with name [org.springframework.web.context.WebApplicationContext.ROOT]
2023-1월-30 13:54:59  INFO [restartedMain] [org.springframework.boot.web.servlet.context.ServletWebServerApplicationContext] - Root WebApplicationContext: initialization completed in 1019 ms
2023-1월-30 13:54:59 DEBUG [restartedMain] [org.springframework.boot.web.servlet.ServletContextInitializerBeans] - Mapping filters: characterEncodingFilter urls=[/*] order=-2147483648, formContentFilter urls=[/*] order=-9900, requestContextFilter urls=[/*] order=-105
2023-1월-30 13:54:59 DEBUG [restartedMain] [org.springframework.boot.web.servlet.ServletContextInitializerBeans] - Mapping servlets: dispatcherServlet urls=[/]
2023-1월-30 13:54:59 DEBUG [restartedMain] [org.springframework.boot.web.servlet.filter.OrderedRequestContextFilter] - Filter 'requestContextFilter' configured for use
2023-1월-30 13:54:59 DEBUG [restartedMain] [org.springframework.boot.web.servlet.filter.OrderedCharacterEncodingFilter] - Filter 'characterEncodingFilter' configured for use
2023-1월-30 13:54:59 DEBUG [restartedMain] [org.springframework.boot.web.servlet.filter.OrderedFormContentFilter] - Filter 'formContentFilter' configured for use
2023-1월-30 13:54:59  INFO [restartedMain] [org.hibernate.jpa.internal.util.LogHelper] - HHH000204: Processing PersistenceUnitInfo [name: default]
2023-1월-30 13:54:59  INFO [restartedMain] [org.hibernate.Version] - HHH000412: Hibernate ORM core version 5.6.14.Final
2023-1월-30 13:54:59  INFO [restartedMain] [org.hibernate.annotations.common.Version] - HCANN000001: Hibernate Commons Annotations {5.1.2.Final}
2023-1월-30 13:54:59  INFO [restartedMain] [com.zaxxer.hikari.HikariDataSource] - HikariPool-1 - Starting...
2023-1월-30 13:54:59  INFO [restartedMain] [com.zaxxer.hikari.HikariDataSource] - HikariPool-1 - Start completed.
2023-1월-30 13:54:59  INFO [restartedMain] [org.hibernate.dialect.Dialect] - HHH000400: Using dialect: org.hibernate.dialect.MySQL8Dialect
